

*******************************************************************************
Wed Oct 19 00:46:49 2022


FIT:    data read from 'data.txt' u 1:2
        format = x:z
        #datapoints = 20
        residuals are weighted equally (unit weight)

function used for fitting: f(x)
	f(x) = mean_y
fitted parameters initialized with current variable values

iter      chisq       delta/lim  lambda   mean_y       
   0 1.9941669988e+01   0.00e+00  1.00e+00    1.000000e+00
   4 3.3347572550e-05  -8.53e-10  1.00e-04    1.460150e-03

After 4 iterations the fit converged.
final sum of squares of residuals : 3.33476e-05
rel. change during last iteration : -8.53445e-15

degrees of freedom    (FIT_NDF)                        : 19
rms of residuals      (FIT_STDFIT) = sqrt(WSSR/ndf)    : 0.00132482
variance of residuals (reduced chisquare) = WSSR/ndf   : 1.75514e-06

Final set of parameters            Asymptotic Standard Error
=======================            ==========================
mean_y          = 0.00146015       +/- 0.0002962    (20.29%)


*******************************************************************************
Wed Oct 19 00:48:24 2022


FIT:    data read from 'data.txt' u 1:2
        format = x:z
        #datapoints = 20
        residuals are weighted equally (unit weight)

function used for fitting: f(x)
	f(x) = mean_y
fitted parameters initialized with current variable values

iter      chisq       delta/lim  lambda   mean_y       
   0 1.9943907132e+01   0.00e+00  1.00e+00    1.000000e+00
   4 4.1688336550e-05  -6.83e-10  1.00e-04    1.404350e-03

After 4 iterations the fit converged.
final sum of squares of residuals : 4.16883e-05
rel. change during last iteration : -6.82692e-15

degrees of freedom    (FIT_NDF)                        : 19
rms of residuals      (FIT_STDFIT) = sqrt(WSSR/ndf)    : 0.00148126
variance of residuals (reduced chisquare) = WSSR/ndf   : 2.19412e-06

Final set of parameters            Asymptotic Standard Error
=======================            ==========================
mean_y          = 0.00140435       +/- 0.0003312    (23.59%)


*******************************************************************************
Wed Oct 19 00:48:59 2022


FIT:    data read from 'data.txt' u 1:2
        format = x:z
        #datapoints = 20
        residuals are weighted equally (unit weight)

function used for fitting: f(x)
	f(x) = mean_y
fitted parameters initialized with current variable values

iter      chisq       delta/lim  lambda   mean_y       
   0 1.9939756875e+01   0.00e+00  1.00e+00    1.000000e+00
   4 3.1393732000e-05  -9.07e-10  1.00e-04    1.508000e-03

After 4 iterations the fit converged.
final sum of squares of residuals : 3.13937e-05
rel. change during last iteration : -9.0656e-15

degrees of freedom    (FIT_NDF)                        : 19
rms of residuals      (FIT_STDFIT) = sqrt(WSSR/ndf)    : 0.00128542
variance of residuals (reduced chisquare) = WSSR/ndf   : 1.6523e-06

Final set of parameters            Asymptotic Standard Error
=======================            ==========================
mean_y          = 0.001508         +/- 0.0002874    (19.06%)


*******************************************************************************
Wed Oct 19 00:50:27 2022


FIT:    data read from 'data.txt'
        format = z
        #datapoints = 20
        residuals are weighted equally (unit weight)

function used for fitting: f(x)
	f(x) = mean_y
fitted parameters initialized with current variable values

iter      chisq       delta/lim  lambda   mean_y       
   0 1.9954368358e+01   0.00e+00  1.00e+00    1.000000e+00
   4 2.2275100000e-05  -1.28e-09  1.00e-04    1.142000e-03

After 4 iterations the fit converged.
final sum of squares of residuals : 2.22751e-05
rel. change during last iteration : -1.27767e-14

degrees of freedom    (FIT_NDF)                        : 19
rms of residuals      (FIT_STDFIT) = sqrt(WSSR/ndf)    : 0.00108276
variance of residuals (reduced chisquare) = WSSR/ndf   : 1.17237e-06

Final set of parameters            Asymptotic Standard Error
=======================            ==========================
mean_y          = 0.001142         +/- 0.0002421    (21.2%)


*******************************************************************************
Wed Oct 19 00:52:20 2022


FIT:    data read from 'data.txt' u 1:2
        format = x:z
        #datapoints = 20
        residuals are weighted equally (unit weight)

function used for fitting: f(x)
	f(x) = mean_y
fitted parameters initialized with current variable values

iter      chisq       delta/lim  lambda   mean_y       
   0 1.9962591717e+01   0.00e+00  1.00e+00    1.000000e+00
   4 1.4194830000e-05  -2.00e-09  1.00e-04    9.360000e-04

After 4 iterations the fit converged.
final sum of squares of residuals : 1.41948e-05
rel. change during last iteration : -2.00498e-14

degrees of freedom    (FIT_NDF)                        : 19
rms of residuals      (FIT_STDFIT) = sqrt(WSSR/ndf)    : 0.000864347
variance of residuals (reduced chisquare) = WSSR/ndf   : 7.47096e-07

Final set of parameters            Asymptotic Standard Error
=======================            ==========================
mean_y          = 0.000936         +/- 0.0001933    (20.65%)


*******************************************************************************
Wed Oct 19 00:52:38 2022


FIT:    data read from 'data.txt' u 1:2
        format = x:z
        #datapoints = 20
        residuals are weighted equally (unit weight)

function used for fitting: f(x)
	f(x) = mean_y
fitted parameters initialized with current variable values

iter      chisq       delta/lim  lambda   mean_y       
   0 1.9953629338e+01   0.00e+00  1.00e+00    1.000000e+00
   4 2.6398120800e-05  -1.08e-09  1.00e-04    1.160600e-03

After 4 iterations the fit converged.
final sum of squares of residuals : 2.63981e-05
rel. change during last iteration : -1.07812e-14

degrees of freedom    (FIT_NDF)                        : 19
rms of residuals      (FIT_STDFIT) = sqrt(WSSR/ndf)    : 0.00117872
variance of residuals (reduced chisquare) = WSSR/ndf   : 1.38937e-06

Final set of parameters            Asymptotic Standard Error
=======================            ==========================
mean_y          = 0.0011606        +/- 0.0002636    (22.71%)


*******************************************************************************
Wed Oct 19 00:55:43 2022


FIT:    data read from 'data.txt' u 1:2
        format = x:z
        #datapoints = 20
        residuals are weighted equally (unit weight)

function used for fitting: f(x)
	f(x) = mean_y
fitted parameters initialized with current variable values

iter      chisq       delta/lim  lambda   mean_y       
   0 1.9940244781e+01   0.00e+00  1.00e+00    1.000000e+00
   4 3.6026585800e-05  -7.90e-10  1.00e-04    1.495900e-03

After 4 iterations the fit converged.
final sum of squares of residuals : 3.60266e-05
rel. change during last iteration : -7.89981e-15

degrees of freedom    (FIT_NDF)                        : 19
rms of residuals      (FIT_STDFIT) = sqrt(WSSR/ndf)    : 0.001377
variance of residuals (reduced chisquare) = WSSR/ndf   : 1.89614e-06

Final set of parameters            Asymptotic Standard Error
=======================            ==========================
mean_y          = 0.0014959        +/- 0.0003079    (20.58%)


*******************************************************************************
Wed Oct 19 00:55:54 2022


FIT:    data read from 'data.txt' u 1:2
        format = x:z
        #datapoints = 20
        residuals are weighted equally (unit weight)

function used for fitting: f(x)
	f(x) = mean_y
fitted parameters initialized with current variable values

iter      chisq       delta/lim  lambda   mean_y       
   0 1.9948252957e+01   0.00e+00  1.00e+00    1.000000e+00
   4 1.9416632000e-05  -1.45e-09  1.00e-04    1.295000e-03

After 4 iterations the fit converged.
final sum of squares of residuals : 1.94166e-05
rel. change during last iteration : -1.44832e-14

degrees of freedom    (FIT_NDF)                        : 19
rms of residuals      (FIT_STDFIT) = sqrt(WSSR/ndf)    : 0.0010109
variance of residuals (reduced chisquare) = WSSR/ndf   : 1.02193e-06

Final set of parameters            Asymptotic Standard Error
=======================            ==========================
mean_y          = 0.001295         +/- 0.000226     (17.46%)


*******************************************************************************
Wed Oct 19 00:56:11 2022


FIT:    data read from 'data.txt' u 1:2
        format = x:z
        #datapoints = 20
        residuals are weighted equally (unit weight)

function used for fitting: f(x)
	f(x) = mean_y
fitted parameters initialized with current variable values

iter      chisq       delta/lim  lambda   mean_y       
   0 1.9924991285e+01   0.00e+00  1.00e+00    1.000000e+00
   4 1.5652898180e-04  -1.90e-10  1.00e-04    1.880900e-03

After 4 iterations the fit converged.
final sum of squares of residuals : 0.000156529
rel. change during last iteration : -1.90479e-15

degrees of freedom    (FIT_NDF)                        : 19
rms of residuals      (FIT_STDFIT) = sqrt(WSSR/ndf)    : 0.00287026
variance of residuals (reduced chisquare) = WSSR/ndf   : 8.23837e-06

Final set of parameters            Asymptotic Standard Error
=======================            ==========================
mean_y          = 0.0018809        +/- 0.0006418    (34.12%)


*******************************************************************************
Wed Oct 19 00:58:17 2022


FIT:    data read from 'data.txt' u 1:2
        format = x:z
        #datapoints = 20
        residuals are weighted equally (unit weight)

function used for fitting: f(x)
	f(x) = mean_y
fitted parameters initialized with current variable values

iter      chisq       delta/lim  lambda   mean_y       
   0 1.9946316822e+01   0.00e+00  1.00e+00    1.000000e+00
   4 3.4703154550e-05  -8.01e-10  1.00e-04    1.343850e-03

After 4 iterations the fit converged.
final sum of squares of residuals : 3.47032e-05
rel. change during last iteration : -8.00581e-15

degrees of freedom    (FIT_NDF)                        : 19
rms of residuals      (FIT_STDFIT) = sqrt(WSSR/ndf)    : 0.00135147
variance of residuals (reduced chisquare) = WSSR/ndf   : 1.82648e-06

Final set of parameters            Asymptotic Standard Error
=======================            ==========================
mean_y          = 0.00134385       +/- 0.0003022    (22.49%)


*******************************************************************************
Wed Oct 19 00:58:46 2022


FIT:    data read from 'data.txt'
        format = z
        #datapoints = 20
        residuals are weighted equally (unit weight)

function used for fitting: f(x)
	f(x) = mean_y
fitted parameters initialized with current variable values

iter      chisq       delta/lim  lambda   mean_y       
   0 1.9948803631e+01   0.00e+00  1.00e+00    1.000000e+00
   4 1.2808904950e-05  -2.21e-09  1.00e-04    1.281050e-03

After 4 iterations the fit converged.
final sum of squares of residuals : 1.28089e-05
rel. change during last iteration : -2.20869e-14

degrees of freedom    (FIT_NDF)                        : 19
rms of residuals      (FIT_STDFIT) = sqrt(WSSR/ndf)    : 0.000821068
variance of residuals (reduced chisquare) = WSSR/ndf   : 6.74153e-07

Final set of parameters            Asymptotic Standard Error
=======================            ==========================
mean_y          = 0.00128105       +/- 0.0001836    (14.33%)


*******************************************************************************
Wed Oct 19 01:00:02 2022


FIT:    data read from 'data.txt'
        format = z
        #datapoints = 20
        residuals are weighted equally (unit weight)

function used for fitting: f(x)
	f(x) = mean_y
fitted parameters initialized with current variable values

iter      chisq       delta/lim  lambda   mean_y       
   0 1.9951200780e+01   0.00e+00  1.00e+00    1.000000e+00
   4 1.8953015200e-05  -1.48e-09  1.00e-04    1.221200e-03

After 4 iterations the fit converged.
final sum of squares of residuals : 1.8953e-05
rel. change during last iteration : -1.48375e-14

degrees of freedom    (FIT_NDF)                        : 19
rms of residuals      (FIT_STDFIT) = sqrt(WSSR/ndf)    : 0.000998763
variance of residuals (reduced chisquare) = WSSR/ndf   : 9.97527e-07

Final set of parameters            Asymptotic Standard Error
=======================            ==========================
mean_y          = 0.0012212        +/- 0.0002233    (18.29%)


*******************************************************************************
Wed Oct 19 01:00:13 2022


FIT:    data read from 'data.txt'
        format = z
        #datapoints = 20
        residuals are weighted equally (unit weight)

function used for fitting: f(x)
	f(x) = mean_y
fitted parameters initialized with current variable values

iter      chisq       delta/lim  lambda   mean_y       
   0 1.9962989751e+01   0.00e+00  1.00e+00    1.000000e+00
   4 1.4599286950e-05  -1.94e-09  1.00e-04    9.260500e-04

After 4 iterations the fit converged.
final sum of squares of residuals : 1.45993e-05
rel. change during last iteration : -1.93783e-14

degrees of freedom    (FIT_NDF)                        : 19
rms of residuals      (FIT_STDFIT) = sqrt(WSSR/ndf)    : 0.000876575
variance of residuals (reduced chisquare) = WSSR/ndf   : 7.68384e-07

Final set of parameters            Asymptotic Standard Error
=======================            ==========================
mean_y          = 0.00092605       +/- 0.000196     (21.17%)


*******************************************************************************
Wed Oct 19 01:00:38 2022


FIT:    data read from 'data.txt'
        format = z
        #datapoints = 20
        residuals are weighted equally (unit weight)

function used for fitting: f(x)
	f(x) = mean_y
fitted parameters initialized with current variable values

iter      chisq       delta/lim  lambda   mean_y       
   0 1.9953133705e+01   0.00e+00  1.00e+00    1.000000e+00
   4 2.0193888550e-05  -1.38e-09  1.00e-04    1.172850e-03

After 4 iterations the fit converged.
final sum of squares of residuals : 2.01939e-05
rel. change during last iteration : -1.3758e-14

degrees of freedom    (FIT_NDF)                        : 19
rms of residuals      (FIT_STDFIT) = sqrt(WSSR/ndf)    : 0.00103094
variance of residuals (reduced chisquare) = WSSR/ndf   : 1.06284e-06

Final set of parameters            Asymptotic Standard Error
=======================            ==========================
mean_y          = 0.00117285       +/- 0.0002305    (19.66%)


*******************************************************************************
Wed Oct 19 01:03:31 2022


FIT:    data read from 'data.txt'
        format = z
        #datapoints = 20
        residuals are weighted equally (unit weight)

function used for fitting: f(x)
	f(x) = mean_y
fitted parameters initialized with current variable values

iter      chisq       delta/lim  lambda   mean_y       
   0 1.9965225906e+01   0.00e+00  1.00e+00    1.000000e+00
   4 8.7693409500e-06  -3.25e-09  1.00e-04    8.699500e-04

After 4 iterations the fit converged.
final sum of squares of residuals : 8.76934e-06
rel. change during last iteration : -3.24543e-14

degrees of freedom    (FIT_NDF)                        : 19
rms of residuals      (FIT_STDFIT) = sqrt(WSSR/ndf)    : 0.00067937
variance of residuals (reduced chisquare) = WSSR/ndf   : 4.61544e-07

Final set of parameters            Asymptotic Standard Error
=======================            ==========================
mean_y          = 0.00086995       +/- 0.0001519    (17.46%)


*******************************************************************************
Wed Oct 19 01:04:47 2022


FIT:    data read from 'data.txt'
        format = z
        #datapoints = 20
        residuals are weighted equally (unit weight)

function used for fitting: f(x)
	f(x) = mean_y
fitted parameters initialized with current variable values

iter      chisq       delta/lim  lambda   mean_y       
   0 1.9945572720e+01   0.00e+00  1.00e+00    1.000000e+00
   4 6.3553989200e-05  -4.26e-10  1.00e-04    1.363200e-03

After 4 iterations the fit converged.
final sum of squares of residuals : 6.3554e-05
rel. change during last iteration : -4.26489e-15

degrees of freedom    (FIT_NDF)                        : 19
rms of residuals      (FIT_STDFIT) = sqrt(WSSR/ndf)    : 0.00182892
variance of residuals (reduced chisquare) = WSSR/ndf   : 3.34495e-06

Final set of parameters            Asymptotic Standard Error
=======================            ==========================
mean_y          = 0.0013632        +/- 0.000409     (30%)


*******************************************************************************
Wed Oct 19 13:35:55 2022


FIT:    data read from 'data.txt' using 1:2
        format = x:z
        #datapoints = 20
        residuals are weighted equally (unit weight)

function used for fitting: f(x)
	f(x) = mean_y
fitted parameters initialized with current variable values

iter      chisq       delta/lim  lambda   mean_y       
   0 1.9952467345e+01   0.00e+00  1.00e+00    1.000000e+00
   4 2.9034643750e-05  -9.57e-10  1.00e-04    1.189750e-03

After 4 iterations the fit converged.
final sum of squares of residuals : 2.90346e-05
rel. change during last iteration : -9.5688e-15

degrees of freedom    (FIT_NDF)                        : 19
rms of residuals      (FIT_STDFIT) = sqrt(WSSR/ndf)    : 0.00123618
variance of residuals (reduced chisquare) = WSSR/ndf   : 1.52814e-06

Final set of parameters            Asymptotic Standard Error
=======================            ==========================
mean_y          = 0.00118975       +/- 0.0002764    (23.23%)


*******************************************************************************
Wed Oct 19 13:36:06 2022


FIT:    data read from 'data.txt' using 2:1
        format = x:z
        #datapoints = 20
        residuals are weighted equally (unit weight)

function used for fitting: f(x)
	f(x) = mean_y
fitted parameters initialized with current variable values

iter      chisq       delta/lim  lambda   mean_y       
   0 9.2678483000e+07   0.00e+00  1.00e+00    1.000000e+00
   3 9.7114717500e+06  -4.84e-04  1.00e-03    2.037750e+03

After 3 iterations the fit converged.
final sum of squares of residuals : 9.71147e+06
rel. change during last iteration : -4.83824e-09

degrees of freedom    (FIT_NDF)                        : 19
rms of residuals      (FIT_STDFIT) = sqrt(WSSR/ndf)    : 714.934
variance of residuals (reduced chisquare) = WSSR/ndf   : 511130

Final set of parameters            Asymptotic Standard Error
=======================            ==========================
mean_y          = 2037.75          +/- 159.9        (7.845%)


*******************************************************************************
Wed Oct 19 13:36:38 2022


FIT:    data read from 'data.txt' using 2:1
        format = x:z
        #datapoints = 20
        residuals are weighted equally (unit weight)

function used for fitting: f(x)
	f(x) = mean_x
fitted parameters initialized with current variable values

iter      chisq       delta/lim  lambda   mean_x       
   0 2.4790680400e+08   0.00e+00  1.00e+00    1.000000e+00
   3 9.3049548800e+07  -9.43e-05  1.00e-03    2.783600e+03

After 3 iterations the fit converged.
final sum of squares of residuals : 9.30495e+07
rel. change during last iteration : -9.42507e-10

degrees of freedom    (FIT_NDF)                        : 19
rms of residuals      (FIT_STDFIT) = sqrt(WSSR/ndf)    : 2212.99
variance of residuals (reduced chisquare) = WSSR/ndf   : 4.89734e+06

Final set of parameters            Asymptotic Standard Error
=======================            ==========================
mean_x          = 2783.6           +/- 494.8        (17.78%)


*******************************************************************************
Wed Oct 19 13:36:55 2022


FIT:    data read from 'data.txt' using 1:2
        format = x:z
        #datapoints = 20
        residuals are weighted equally (unit weight)

function used for fitting: f(x)
	f(x) = mean_y
fitted parameters initialized with current variable values

iter      chisq       delta/lim  lambda   mean_y       
   0 1.9948256124e+01   0.00e+00  1.00e+00    1.000000e+00
   4 1.8589095800e-05  -1.51e-09  1.00e-04    1.294900e-03

After 4 iterations the fit converged.
final sum of squares of residuals : 1.85891e-05
rel. change during last iteration : -1.5128e-14

degrees of freedom    (FIT_NDF)                        : 19
rms of residuals      (FIT_STDFIT) = sqrt(WSSR/ndf)    : 0.000989128
variance of residuals (reduced chisquare) = WSSR/ndf   : 9.78373e-07

Final set of parameters            Asymptotic Standard Error
=======================            ==========================
mean_y          = 0.0012949        +/- 0.0002212    (17.08%)


*******************************************************************************
Wed Oct 19 13:38:39 2022


FIT:    data read from 'data.txt' using 1:2
        format = x:z
        #datapoints = 20
        residuals are weighted equally (unit weight)

function used for fitting: f(x)
	f(x) = mean_y
fitted parameters initialized with current variable values

iter      chisq       delta/lim  lambda   mean_y       
   0 1.9960240808e+01   0.00e+00  1.00e+00    1.000000e+00
   4 2.1007166000e-05  -1.32e-09  1.00e-04    9.950000e-04

After 4 iterations the fit converged.
final sum of squares of residuals : 2.10072e-05
rel. change during last iteration : -1.32253e-14

degrees of freedom    (FIT_NDF)                        : 19
rms of residuals      (FIT_STDFIT) = sqrt(WSSR/ndf)    : 0.00105149
variance of residuals (reduced chisquare) = WSSR/ndf   : 1.10564e-06

Final set of parameters            Asymptotic Standard Error
=======================            ==========================
mean_y          = 0.000995         +/- 0.0002351    (23.63%)


*******************************************************************************
Wed Oct 19 13:38:39 2022


FIT:    data read from 'data.txt' using 2:1
        format = x:z
        #datapoints = 20
        residuals are weighted equally (unit weight)

function used for fitting: g(x)
	g(x) = mean_x
fitted parameters initialized with current variable values

iter      chisq       delta/lim  lambda   mean_x       
   0 7.1805463000e+07   0.00e+00  1.00e+00    1.000000e+00
   3 2.5874205500e+06  -1.52e-03  1.00e-03    1.861350e+03

After 3 iterations the fit converged.
final sum of squares of residuals : 2.58742e+06
rel. change during last iteration : -1.51502e-08

degrees of freedom    (FIT_NDF)                        : 19
rms of residuals      (FIT_STDFIT) = sqrt(WSSR/ndf)    : 369.026
variance of residuals (reduced chisquare) = WSSR/ndf   : 136180

Final set of parameters            Asymptotic Standard Error
=======================            ==========================
mean_x          = 1861.35          +/- 82.52        (4.433%)


*******************************************************************************
Wed Oct 19 13:39:14 2022


FIT:    data read from 'data.txt' using 1:2
        format = x:z
        #datapoints = 20
        residuals are weighted equally (unit weight)

function used for fitting: f(x)
	f(x) = mean_y
fitted parameters initialized with current variable values

iter      chisq       delta/lim  lambda   mean_y       
   0 1.9968488137e+01   0.00e+00  1.00e+00    1.000000e+00
   4 1.3704006950e-05  -2.06e-09  1.00e-04    7.884500e-04

After 4 iterations the fit converged.
final sum of squares of residuals : 1.3704e-05
rel. change during last iteration : -2.06443e-14

degrees of freedom    (FIT_NDF)                        : 19
rms of residuals      (FIT_STDFIT) = sqrt(WSSR/ndf)    : 0.000849272
variance of residuals (reduced chisquare) = WSSR/ndf   : 7.21264e-07

Final set of parameters            Asymptotic Standard Error
=======================            ==========================
mean_y          = 0.00078845       +/- 0.0001899    (24.09%)


*******************************************************************************
Wed Oct 19 13:39:14 2022


FIT:    data read from 'data.txt' using 2:1
        format = x:z
        #datapoints = 20
        residuals are weighted equally (unit weight)

function used for fitting: g(x)
	g(x) = mean_x
fitted parameters initialized with current variable values

iter      chisq       delta/lim  lambda   mean_x       
   0 1.1771017100e+08   0.00e+00  1.00e+00    1.000000e+00
   3 1.6167459750e+07  -3.56e-04  1.00e-03    2.254250e+03

After 3 iterations the fit converged.
final sum of squares of residuals : 1.61675e+07
rel. change during last iteration : -3.55692e-09

degrees of freedom    (FIT_NDF)                        : 19
rms of residuals      (FIT_STDFIT) = sqrt(WSSR/ndf)    : 922.453
variance of residuals (reduced chisquare) = WSSR/ndf   : 850919

Final set of parameters            Asymptotic Standard Error
=======================            ==========================
mean_x          = 2254.25          +/- 206.3        (9.15%)


*******************************************************************************
Wed Oct 19 13:40:38 2022


FIT:    data read from 'data.txt' using 1:2
        format = x:z
        #datapoints = 20
        residuals are weighted equally (unit weight)

function used for fitting: f(x)
	f(x) = mean_y
fitted parameters initialized with current variable values

iter      chisq       delta/lim  lambda   mean_y       
   0 1.9956739067e+01   0.00e+00  1.00e+00    1.000000e+00
   4 2.3622332200e-05  -1.19e-09  1.00e-04    1.082700e-03

After 4 iterations the fit converged.
final sum of squares of residuals : 2.36223e-05
rel. change during last iteration : -1.19046e-14

degrees of freedom    (FIT_NDF)                        : 19
rms of residuals      (FIT_STDFIT) = sqrt(WSSR/ndf)    : 0.00111502
variance of residuals (reduced chisquare) = WSSR/ndf   : 1.24328e-06

Final set of parameters            Asymptotic Standard Error
=======================            ==========================
mean_y          = 0.0010827        +/- 0.0002493    (23.03%)


*******************************************************************************
Wed Oct 19 13:40:38 2022


FIT:    data read from 'data.txt' using 2:1
        format = x:z
        #datapoints = 20
        residuals are weighted equally (unit weight)

function used for fitting: g(x)
	g(mean_x) = 1
fitted parameters initialized with current variable values

iter      chisq       delta/lim  lambda   mean_x       
   0 1.1311756000e+08   0.00e+00  0.00e+00    1.000000e+00
BREAK: Singular matrix in Givens()

*******************************************************************************
Wed Oct 19 13:42:56 2022


FIT:    data read from 'data.txt' using 1:2
        format = x:z
        #datapoints = 20
        residuals are weighted equally (unit weight)

function used for fitting: f(x)
	f(x) = mean_y
fitted parameters initialized with current variable values

iter      chisq       delta/lim  lambda   mean_y       
   0 1.9955456170e+01   0.00e+00  1.00e+00    1.000000e+00
   4 1.5323580800e-05  -1.81e-09  1.00e-04    1.114600e-03

After 4 iterations the fit converged.
final sum of squares of residuals : 1.53236e-05
rel. change during last iteration : -1.81307e-14

degrees of freedom    (FIT_NDF)                        : 19
rms of residuals      (FIT_STDFIT) = sqrt(WSSR/ndf)    : 0.000898056
variance of residuals (reduced chisquare) = WSSR/ndf   : 8.06504e-07

Final set of parameters            Asymptotic Standard Error
=======================            ==========================
mean_y          = 0.0011146        +/- 0.0002008    (18.02%)


*******************************************************************************
Wed Oct 19 13:42:56 2022


FIT:    data read from 'data.txt' using 2:1
        format = x:z
        #datapoints = 20
        residuals are weighted equally (unit weight)

function used for fitting: g(x)
	g(y) = mean_x
fitted parameters initialized with current variable values

iter      chisq       delta/lim  lambda   mean_x       
   0 2.8963937100e+08   0.00e+00  1.00e+00    1.000000e+00
   3 1.5688778455e+08  -4.79e-05  1.00e-03    2.577350e+03

After 3 iterations the fit converged.
final sum of squares of residuals : 1.56888e+08
rel. change during last iteration : -4.79201e-10

degrees of freedom    (FIT_NDF)                        : 19
rms of residuals      (FIT_STDFIT) = sqrt(WSSR/ndf)    : 2873.54
variance of residuals (reduced chisquare) = WSSR/ndf   : 8.25725e+06

Final set of parameters            Asymptotic Standard Error
=======================            ==========================
mean_x          = 2577.35          +/- 642.5        (24.93%)


*******************************************************************************
Wed Oct 19 13:43:05 2022


FIT:    data read from 'data.txt' using 1:2
        format = x:z
        #datapoints = 20
        residuals are weighted equally (unit weight)

function used for fitting: f(x)
	f(x) = mean_y
fitted parameters initialized with current variable values

iter      chisq       delta/lim  lambda   mean_y       
   0 1.9953430792e+01   0.00e+00  1.00e+00    1.000000e+00
   4 2.9617236550e-05  -9.49e-10  1.00e-04    1.165650e-03

After 4 iterations the fit converged.
final sum of squares of residuals : 2.96172e-05
rel. change during last iteration : -9.49498e-15

degrees of freedom    (FIT_NDF)                        : 19
rms of residuals      (FIT_STDFIT) = sqrt(WSSR/ndf)    : 0.00124852
variance of residuals (reduced chisquare) = WSSR/ndf   : 1.5588e-06

Final set of parameters            Asymptotic Standard Error
=======================            ==========================
mean_y          = 0.00116565       +/- 0.0002792    (23.95%)


*******************************************************************************
Wed Oct 19 13:43:05 2022


FIT:    data read from 'data.txt'
        format = z
        #datapoints = 20
        residuals are weighted equally (unit weight)

function used for fitting: g(x)
	g(y) = mean_x
fitted parameters initialized with current variable values

iter      chisq       delta/lim  lambda   mean_x       
   0 1.9953430792e+01   0.00e+00  1.00e+00    1.000000e+00
   4 2.9617236550e-05  -9.49e-10  1.00e-04    1.165650e-03

After 4 iterations the fit converged.
final sum of squares of residuals : 2.96172e-05
rel. change during last iteration : -9.49498e-15

degrees of freedom    (FIT_NDF)                        : 19
rms of residuals      (FIT_STDFIT) = sqrt(WSSR/ndf)    : 0.00124852
variance of residuals (reduced chisquare) = WSSR/ndf   : 1.5588e-06

Final set of parameters            Asymptotic Standard Error
=======================            ==========================
mean_x          = 0.00116565       +/- 0.0002792    (23.95%)


*******************************************************************************
Wed Oct 19 13:43:38 2022


FIT:    data read from 'data.txt' using 1:2
        format = x:z
        #datapoints = 20
        residuals are weighted equally (unit weight)

function used for fitting: f(x)
	f(x) = mean_y
fitted parameters initialized with current variable values

iter      chisq       delta/lim  lambda   mean_y       
   0 1.9930620994e+01   0.00e+00  1.00e+00    1.000000e+00
   4 4.0650454000e-05  -6.83e-10  1.00e-04    1.737000e-03

After 4 iterations the fit converged.
final sum of squares of residuals : 4.06505e-05
rel. change during last iteration : -6.83453e-15

degrees of freedom    (FIT_NDF)                        : 19
rms of residuals      (FIT_STDFIT) = sqrt(WSSR/ndf)    : 0.0014627
variance of residuals (reduced chisquare) = WSSR/ndf   : 2.1395e-06

Final set of parameters            Asymptotic Standard Error
=======================            ==========================
mean_y          = 0.001737         +/- 0.0003271    (18.83%)


*******************************************************************************
Wed Oct 19 13:43:38 2022


FIT:    data read from 'data.txt'
        format = z
        #datapoints = 20
        residuals are weighted equally (unit weight)

function used for fitting: g(y)
	g(y) = mean_x
fitted parameters initialized with current variable values

iter      chisq       delta/lim  lambda   mean_x       
   0 1.9930620994e+01   0.00e+00  1.00e+00    1.000000e+00
   4 4.0650454000e-05  -6.83e-10  1.00e-04    1.737000e-03

After 4 iterations the fit converged.
final sum of squares of residuals : 4.06505e-05
rel. change during last iteration : -6.83453e-15

degrees of freedom    (FIT_NDF)                        : 19
rms of residuals      (FIT_STDFIT) = sqrt(WSSR/ndf)    : 0.0014627
variance of residuals (reduced chisquare) = WSSR/ndf   : 2.1395e-06

Final set of parameters            Asymptotic Standard Error
=======================            ==========================
mean_x          = 0.001737         +/- 0.0003271    (18.83%)


*******************************************************************************
Wed Oct 19 13:43:54 2022


FIT:    data read from 'data.txt' using 1:2
        format = x:z
        #datapoints = 20
        residuals are weighted equally (unit weight)

function used for fitting: f(x)
	f(x) = mean_y
fitted parameters initialized with current variable values

iter      chisq       delta/lim  lambda   mean_y       
   0 1.9948531007e+01   0.00e+00  1.00e+00    1.000000e+00
   4 4.1797048800e-05  -6.65e-10  1.00e-04    1.288600e-03

After 4 iterations the fit converged.
final sum of squares of residuals : 4.1797e-05
rel. change during last iteration : -6.64704e-15

degrees of freedom    (FIT_NDF)                        : 19
rms of residuals      (FIT_STDFIT) = sqrt(WSSR/ndf)    : 0.00148319
variance of residuals (reduced chisquare) = WSSR/ndf   : 2.19984e-06

Final set of parameters            Asymptotic Standard Error
=======================            ==========================
mean_y          = 0.0012886        +/- 0.0003317    (25.74%)


*******************************************************************************
Wed Oct 19 13:43:54 2022


FIT:    data read from 'data.txt' using 2:1
        format = x:z
        #datapoints = 20
        residuals are weighted equally (unit weight)

function used for fitting: g(y)
	g(y) = mean_x
fitted parameters initialized with current variable values

iter      chisq       delta/lim  lambda   mean_x       
   0 2.0725577300e+08   0.00e+00  1.00e+00    1.000000e+00
   3 8.0131826550e+07  -8.98e-05  1.00e-03    2.522150e+03

After 3 iterations the fit converged.
final sum of squares of residuals : 8.01318e+07
rel. change during last iteration : -8.98441e-10

degrees of freedom    (FIT_NDF)                        : 19
rms of residuals      (FIT_STDFIT) = sqrt(WSSR/ndf)    : 2053.65
variance of residuals (reduced chisquare) = WSSR/ndf   : 4.21746e+06

Final set of parameters            Asymptotic Standard Error
=======================            ==========================
mean_x          = 2522.15          +/- 459.2        (18.21%)


*******************************************************************************
Wed Oct 19 13:44:13 2022


FIT:    data read from 'data.txt' using 1:2
        format = x:z
        #datapoints = 20
        residuals are weighted equally (unit weight)

function used for fitting: f(x)
	f(x) = mean_y
fitted parameters initialized with current variable values

iter      chisq       delta/lim  lambda   mean_y       
   0 1.9947428416e+01   0.00e+00  1.00e+00    1.000000e+00
   4 4.1767865200e-05  -6.81e-10  1.00e-04    1.316200e-03

After 4 iterations the fit converged.
final sum of squares of residuals : 4.17679e-05
rel. change during last iteration : -6.81392e-15

degrees of freedom    (FIT_NDF)                        : 19
rms of residuals      (FIT_STDFIT) = sqrt(WSSR/ndf)    : 0.00148267
variance of residuals (reduced chisquare) = WSSR/ndf   : 2.19831e-06

Final set of parameters            Asymptotic Standard Error
=======================            ==========================
mean_y          = 0.0013162        +/- 0.0003315    (25.19%)


*******************************************************************************
Wed Oct 19 13:44:13 2022


FIT:    data read from 'data.txt' using 2:1
        format = x:z
        #datapoints = 20
        residuals are weighted equally (unit weight)

function used for fitting: g(y)
	g(y) = mean_x
fitted parameters initialized with current variable values

iter      chisq       delta/lim  lambda   mean_x       
   0 1.4520227500e+08   0.00e+00  1.00e+00    1.000000e+00
   3 3.3569424950e+07  -1.88e-04  1.00e-03    2.363550e+03

After 3 iterations the fit converged.
final sum of squares of residuals : 3.35694e+07
rel. change during last iteration : -1.88328e-09

degrees of freedom    (FIT_NDF)                        : 19
rms of residuals      (FIT_STDFIT) = sqrt(WSSR/ndf)    : 1329.21
variance of residuals (reduced chisquare) = WSSR/ndf   : 1.76681e+06

Final set of parameters            Asymptotic Standard Error
=======================            ==========================
mean_x          = 2363.55          +/- 297.2        (12.58%)


*******************************************************************************
Wed Oct 19 13:44:32 2022


FIT:    data read from 'data.txt' using 1:2
        format = x:z
        #datapoints = 20
        residuals are weighted equally (unit weight)

function used for fitting: f(x)
	f(x) = mean_y
fitted parameters initialized with current variable values

iter      chisq       delta/lim  lambda   mean_y       
   0 1.9955661518e+01   0.00e+00  1.00e+00    1.000000e+00
   4 2.0893980800e-05  -1.35e-09  1.00e-04    1.109600e-03

After 4 iterations the fit converged.
final sum of squares of residuals : 2.0894e-05
rel. change during last iteration : -1.34591e-14

degrees of freedom    (FIT_NDF)                        : 19
rms of residuals      (FIT_STDFIT) = sqrt(WSSR/ndf)    : 0.00104866
variance of residuals (reduced chisquare) = WSSR/ndf   : 1.09968e-06

Final set of parameters            Asymptotic Standard Error
=======================            ==========================
mean_y          = 0.0011096        +/- 0.0002345    (21.13%)


*******************************************************************************
Wed Oct 19 13:44:32 2022


FIT:    data read from 'data.txt' using 2:1
        format = x:z
        #datapoints = 20
        residuals are weighted equally (unit weight)

function used for fitting: g(y)
	g(y) = mean_x
fitted parameters initialized with current variable values

iter      chisq       delta/lim  lambda   mean_x       
   0 3.2218753800e+08   0.00e+00  1.00e+00    1.000000e+00
   3 1.5774788280e+08  -5.90e-05  1.00e-03    2.868400e+03

After 3 iterations the fit converged.
final sum of squares of residuals : 1.57748e+08
rel. change during last iteration : -5.90351e-10

degrees of freedom    (FIT_NDF)                        : 19
rms of residuals      (FIT_STDFIT) = sqrt(WSSR/ndf)    : 2881.41
variance of residuals (reduced chisquare) = WSSR/ndf   : 8.30252e+06

Final set of parameters            Asymptotic Standard Error
=======================            ==========================
mean_x          = 2868.4           +/- 644.3        (22.46%)


*******************************************************************************
Wed Oct 19 13:45:00 2022


FIT:    data read from 'data.txt' using 1:2
        format = x:z
        #datapoints = 20
        residuals are weighted equally (unit weight)

function used for fitting: f(x)
	f(x) = mean_y
fitted parameters initialized with current variable values

iter      chisq       delta/lim  lambda   mean_y       
   0 1.9959870626e+01   0.00e+00  1.00e+00    1.000000e+00
   4 3.0445753000e-05  -9.24e-10  1.00e-04    1.004500e-03

After 4 iterations the fit converged.
final sum of squares of residuals : 3.04458e-05
rel. change during last iteration : -9.23659e-15

degrees of freedom    (FIT_NDF)                        : 19
rms of residuals      (FIT_STDFIT) = sqrt(WSSR/ndf)    : 0.00126586
variance of residuals (reduced chisquare) = WSSR/ndf   : 1.60241e-06

Final set of parameters            Asymptotic Standard Error
=======================            ==========================
mean_y          = 0.0010045        +/- 0.0002831    (28.18%)


*******************************************************************************
Wed Oct 19 13:45:00 2022


FIT:    data read from 'data.txt' using 2:1
        format = x:z
        #datapoints = 20
        residuals are weighted equally (unit weight)

function used for fitting: g(x)
	g(y) = mean_x
fitted parameters initialized with current variable values

iter      chisq       delta/lim  lambda   mean_x       
   0 9.6678562000e+07   0.00e+00  1.00e+00    1.000000e+00
   3 7.7378132000e+06  -6.51e-04  1.00e-03    2.109800e+03

After 3 iterations the fit converged.
final sum of squares of residuals : 7.73781e+06
rel. change during last iteration : -6.50953e-09

degrees of freedom    (FIT_NDF)                        : 19
rms of residuals      (FIT_STDFIT) = sqrt(WSSR/ndf)    : 638.164
variance of residuals (reduced chisquare) = WSSR/ndf   : 407253

Final set of parameters            Asymptotic Standard Error
=======================            ==========================
mean_x          = 2109.8           +/- 142.7        (6.764%)


*******************************************************************************
Wed Oct 19 13:53:04 2022


FIT:    data read from 'data.txt' using 1:2
        format = x:z
        #datapoints = 20
        residuals are weighted equally (unit weight)

function used for fitting: f(x)
	f(x) = mean_y
fitted parameters initialized with current variable values

iter      chisq       delta/lim  lambda   mean_y       
   0 1.9961057225e+01   0.00e+00  1.00e+00    1.000000e+00
   4 3.0220103200e-05  -9.31e-10  1.00e-04    9.748000e-04

After 4 iterations the fit converged.
final sum of squares of residuals : 3.02201e-05
rel. change during last iteration : -9.30556e-15

degrees of freedom    (FIT_NDF)                        : 19
rms of residuals      (FIT_STDFIT) = sqrt(WSSR/ndf)    : 0.00126116
variance of residuals (reduced chisquare) = WSSR/ndf   : 1.59053e-06

Final set of parameters            Asymptotic Standard Error
=======================            ==========================
mean_y          = 0.0009748        +/- 0.000282     (28.93%)


*******************************************************************************
Wed Oct 19 13:53:38 2022


FIT:    data read from 'data.txt' using 1:2
        format = x:z
        #datapoints = 20
        residuals are weighted equally (unit weight)

function used for fitting: f(x)
	f(x) = mean_y
fitted parameters initialized with current variable values

iter      chisq       delta/lim  lambda   mean_y       
   0 1.9933520765e+01   0.00e+00  1.00e+00    1.000000e+00
   4 7.7300902200e-05  -3.68e-10  1.00e-04    1.665300e-03

After 4 iterations the fit converged.
final sum of squares of residuals : 7.73009e-05
rel. change during last iteration : -3.68176e-15

degrees of freedom    (FIT_NDF)                        : 19
rms of residuals      (FIT_STDFIT) = sqrt(WSSR/ndf)    : 0.00201704
variance of residuals (reduced chisquare) = WSSR/ndf   : 4.06847e-06

Final set of parameters            Asymptotic Standard Error
=======================            ==========================
mean_y          = 0.0016653        +/- 0.000451     (27.08%)


*******************************************************************************
Wed Oct 19 13:53:38 2022


FIT:    data read from 'data.txt' using 2:1
        format = x:z
        #datapoints = 20
        residuals are weighted equally (unit weight)

function used for fitting: g(x)
	g(y) = mean_x
fitted parameters initialized with current variable values

iter      chisq       delta/lim  lambda   mean_x       
   0 1.0853417100e+08   0.00e+00  1.00e+00    1.000000e+00
   3 7.4236229500e+06  -7.71e-04  1.00e-03    2.249450e+03

After 3 iterations the fit converged.
final sum of squares of residuals : 7.42362e+06
rel. change during last iteration : -7.71343e-09

degrees of freedom    (FIT_NDF)                        : 19
rms of residuals      (FIT_STDFIT) = sqrt(WSSR/ndf)    : 625.074
variance of residuals (reduced chisquare) = WSSR/ndf   : 390717

Final set of parameters            Asymptotic Standard Error
=======================            ==========================
mean_x          = 2249.45          +/- 139.8        (6.214%)
